<?xml version="1.0" encoding="UTF-8"?>
<testsuite xmlns:xsi="http://www.w3.org/2001/XMLSchema-instance" xsi:noNamespaceSchemaLocation="https://maven.apache.org/surefire/maven-surefire-plugin/xsd/surefire-test-report.xsd" name="za.co.wethinkcode.unnamed_project.AppTest" time="0.022" tests="1" errors="0" skipped="0" failures="0">
  <properties>
    <property name="java.specification.version" value="15"/>
    <property name="sun.cpu.isalist" value="amd64"/>
    <property name="sun.jnu.encoding" value="Cp1252"/>
    <property name="java.class.path" value="D:\ENGINE2\unnamed_project_java\project_files\target\test-classes;D:\ENGINE2\unnamed_project_java\project_files\target\classes;C:\Users\Julian\.m2\repository\junit\junit\4.11\junit-4.11.jar;C:\Users\Julian\.m2\repository\org\hamcrest\hamcrest-core\1.3\hamcrest-core-1.3.jar;C:\Users\Julian\.m2\repository\io\imgui\java\imgui-java-binding\1.79-1.4.0\imgui-java-binding-1.79-1.4.0.jar;C:\Users\Julian\.m2\repository\io\imgui\java\imgui-java-lwjgl3\1.79-1.4.0\imgui-java-lwjgl3-1.79-1.4.0.jar;C:\Users\Julian\.m2\repository\io\imgui\java\imgui-java-natives-windows\1.79-1.4.0\imgui-java-natives-windows-1.79-1.4.0.jar;C:\Users\Julian\.m2\repository\org\jogamp\gluegen\gluegen-rt-main\2.0-rc11\gluegen-rt-main-2.0-rc11.jar;C:\Users\Julian\.m2\repository\org\jogamp\gluegen\gluegen-rt\2.0-rc11\gluegen-rt-2.0-rc11.jar;C:\Users\Julian\.m2\repository\org\jogamp\gluegen\gluegen-rt\2.0-rc11\gluegen-rt-2.0-rc11-natives-android-armv6.jar;C:\Users\Julian\.m2\repository\org\jogamp\gluegen\gluegen-rt\2.0-rc11\gluegen-rt-2.0-rc11-natives-linux-amd64.jar;C:\Users\Julian\.m2\repository\org\jogamp\gluegen\gluegen-rt\2.0-rc11\gluegen-rt-2.0-rc11-natives-linux-armv6.jar;C:\Users\Julian\.m2\repository\org\jogamp\gluegen\gluegen-rt\2.0-rc11\gluegen-rt-2.0-rc11-natives-linux-armv6hf.jar;C:\Users\Julian\.m2\repository\org\jogamp\gluegen\gluegen-rt\2.0-rc11\gluegen-rt-2.0-rc11-natives-linux-i586.jar;C:\Users\Julian\.m2\repository\org\jogamp\gluegen\gluegen-rt\2.0-rc11\gluegen-rt-2.0-rc11-natives-macosx-universal.jar;C:\Users\Julian\.m2\repository\org\jogamp\gluegen\gluegen-rt\2.0-rc11\gluegen-rt-2.0-rc11-natives-solaris-amd64.jar;C:\Users\Julian\.m2\repository\org\jogamp\gluegen\gluegen-rt\2.0-rc11\gluegen-rt-2.0-rc11-natives-solaris-i586.jar;C:\Users\Julian\.m2\repository\org\jogamp\gluegen\gluegen-rt\2.0-rc11\gluegen-rt-2.0-rc11-natives-windows-amd64.jar;C:\Users\Julian\.m2\repository\org\jogamp\gluegen\gluegen-rt\2.0-rc11\gluegen-rt-2.0-rc11-natives-windows-i586.jar;C:\Users\Julian\.m2\repository\org\jogamp\jogl\jogl-all-main\2.0-rc11\jogl-all-main-2.0-rc11.jar;C:\Users\Julian\.m2\repository\org\jogamp\jogl\jogl-all\2.0-rc11\jogl-all-2.0-rc11.jar;C:\Users\Julian\.m2\repository\org\jogamp\jogl\jogl-all\2.0-rc11\jogl-all-2.0-rc11-natives-android-armv6.jar;C:\Users\Julian\.m2\repository\org\jogamp\jogl\jogl-all\2.0-rc11\jogl-all-2.0-rc11-natives-linux-amd64.jar;C:\Users\Julian\.m2\repository\org\jogamp\jogl\jogl-all\2.0-rc11\jogl-all-2.0-rc11-natives-linux-armv6.jar;C:\Users\Julian\.m2\repository\org\jogamp\jogl\jogl-all\2.0-rc11\jogl-all-2.0-rc11-natives-linux-armv6hf.jar;C:\Users\Julian\.m2\repository\org\jogamp\jogl\jogl-all\2.0-rc11\jogl-all-2.0-rc11-natives-linux-i586.jar;C:\Users\Julian\.m2\repository\org\jogamp\jogl\jogl-all\2.0-rc11\jogl-all-2.0-rc11-natives-macosx-universal.jar;C:\Users\Julian\.m2\repository\org\jogamp\jogl\jogl-all\2.0-rc11\jogl-all-2.0-rc11-natives-solaris-amd64.jar;C:\Users\Julian\.m2\repository\org\jogamp\jogl\jogl-all\2.0-rc11\jogl-all-2.0-rc11-natives-solaris-i586.jar;C:\Users\Julian\.m2\repository\org\jogamp\jogl\jogl-all\2.0-rc11\jogl-all-2.0-rc11-natives-windows-amd64.jar;C:\Users\Julian\.m2\repository\org\jogamp\jogl\jogl-all\2.0-rc11\jogl-all-2.0-rc11-natives-windows-i586.jar;C:\Users\Julian\.m2\repository\org\lwjgl\lwjgl\3.2.3\lwjgl-3.2.3.jar;C:\Users\Julian\.m2\repository\org\lwjgl\lwjgl-assimp\3.2.3\lwjgl-assimp-3.2.3.jar;C:\Users\Julian\.m2\repository\org\lwjgl\lwjgl-bgfx\3.2.3\lwjgl-bgfx-3.2.3.jar;C:\Users\Julian\.m2\repository\org\lwjgl\lwjgl-cuda\3.2.3\lwjgl-cuda-3.2.3.jar;C:\Users\Julian\.m2\repository\org\lwjgl\lwjgl-egl\3.2.3\lwjgl-egl-3.2.3.jar;C:\Users\Julian\.m2\repository\org\lwjgl\lwjgl-glfw\3.2.3\lwjgl-glfw-3.2.3.jar;C:\Users\Julian\.m2\repository\org\lwjgl\lwjgl-jawt\3.2.3\lwjgl-jawt-3.2.3.jar;C:\Users\Julian\.m2\repository\org\lwjgl\lwjgl-jemalloc\3.2.3\lwjgl-jemalloc-3.2.3.jar;C:\Users\Julian\.m2\repository\org\lwjgl\lwjgl-libdivide\3.2.3\lwjgl-libdivide-3.2.3.jar;C:\Users\Julian\.m2\repository\org\lwjgl\lwjgl-llvm\3.2.3\lwjgl-llvm-3.2.3.jar;C:\Users\Julian\.m2\repository\org\lwjgl\lwjgl-lmdb\3.2.3\lwjgl-lmdb-3.2.3.jar;C:\Users\Julian\.m2\repository\org\lwjgl\lwjgl-lz4\3.2.3\lwjgl-lz4-3.2.3.jar;C:\Users\Julian\.m2\repository\org\lwjgl\lwjgl-meow\3.2.3\lwjgl-meow-3.2.3.jar;C:\Users\Julian\.m2\repository\org\lwjgl\lwjgl-nanovg\3.2.3\lwjgl-nanovg-3.2.3.jar;C:\Users\Julian\.m2\repository\org\lwjgl\lwjgl-nfd\3.2.3\lwjgl-nfd-3.2.3.jar;C:\Users\Julian\.m2\repository\org\lwjgl\lwjgl-nuklear\3.2.3\lwjgl-nuklear-3.2.3.jar;C:\Users\Julian\.m2\repository\org\lwjgl\lwjgl-odbc\3.2.3\lwjgl-odbc-3.2.3.jar;C:\Users\Julian\.m2\repository\org\lwjgl\lwjgl-openal\3.2.3\lwjgl-openal-3.2.3.jar;C:\Users\Julian\.m2\repository\org\lwjgl\lwjgl-opencl\3.2.3\lwjgl-opencl-3.2.3.jar;C:\Users\Julian\.m2\repository\org\lwjgl\lwjgl-opengl\3.2.3\lwjgl-opengl-3.2.3.jar;C:\Users\Julian\.m2\repository\org\lwjgl\lwjgl-opengles\3.2.3\lwjgl-opengles-3.2.3.jar;C:\Users\Julian\.m2\repository\org\lwjgl\lwjgl-openvr\3.2.3\lwjgl-openvr-3.2.3.jar;C:\Users\Julian\.m2\repository\org\lwjgl\lwjgl-opus\3.2.3\lwjgl-opus-3.2.3.jar;C:\Users\Julian\.m2\repository\org\lwjgl\lwjgl-ovr\3.2.3\lwjgl-ovr-3.2.3.jar;C:\Users\Julian\.m2\repository\org\lwjgl\lwjgl-par\3.2.3\lwjgl-par-3.2.3.jar;C:\Users\Julian\.m2\repository\org\lwjgl\lwjgl-remotery\3.2.3\lwjgl-remotery-3.2.3.jar;C:\Users\Julian\.m2\repository\org\lwjgl\lwjgl-rpmalloc\3.2.3\lwjgl-rpmalloc-3.2.3.jar;C:\Users\Julian\.m2\repository\org\lwjgl\lwjgl-shaderc\3.2.3\lwjgl-shaderc-3.2.3.jar;C:\Users\Julian\.m2\repository\org\lwjgl\lwjgl-sse\3.2.3\lwjgl-sse-3.2.3.jar;C:\Users\Julian\.m2\repository\org\lwjgl\lwjgl-stb\3.2.3\lwjgl-stb-3.2.3.jar;C:\Users\Julian\.m2\repository\org\lwjgl\lwjgl-tinyexr\3.2.3\lwjgl-tinyexr-3.2.3.jar;C:\Users\Julian\.m2\repository\org\lwjgl\lwjgl-tinyfd\3.2.3\lwjgl-tinyfd-3.2.3.jar;C:\Users\Julian\.m2\repository\org\lwjgl\lwjgl-tootle\3.2.3\lwjgl-tootle-3.2.3.jar;C:\Users\Julian\.m2\repository\org\lwjgl\lwjgl-vma\3.2.3\lwjgl-vma-3.2.3.jar;C:\Users\Julian\.m2\repository\org\lwjgl\lwjgl-vulkan\3.2.3\lwjgl-vulkan-3.2.3.jar;C:\Users\Julian\.m2\repository\org\lwjgl\lwjgl-xxhash\3.2.3\lwjgl-xxhash-3.2.3.jar;C:\Users\Julian\.m2\repository\org\lwjgl\lwjgl-yoga\3.2.3\lwjgl-yoga-3.2.3.jar;C:\Users\Julian\.m2\repository\org\lwjgl\lwjgl-zstd\3.2.3\lwjgl-zstd-3.2.3.jar;C:\Users\Julian\.m2\repository\org\lwjgl\lwjgl\3.2.3\lwjgl-3.2.3-natives-windows.jar;C:\Users\Julian\.m2\repository\org\lwjgl\lwjgl-assimp\3.2.3\lwjgl-assimp-3.2.3-natives-windows.jar;C:\Users\Julian\.m2\repository\org\lwjgl\lwjgl-bgfx\3.2.3\lwjgl-bgfx-3.2.3-natives-windows.jar;C:\Users\Julian\.m2\repository\org\lwjgl\lwjgl-glfw\3.2.3\lwjgl-glfw-3.2.3-natives-windows.jar;C:\Users\Julian\.m2\repository\org\lwjgl\lwjgl-jemalloc\3.2.3\lwjgl-jemalloc-3.2.3-natives-windows.jar;C:\Users\Julian\.m2\repository\org\lwjgl\lwjgl-libdivide\3.2.3\lwjgl-libdivide-3.2.3-natives-windows.jar;C:\Users\Julian\.m2\repository\org\lwjgl\lwjgl-llvm\3.2.3\lwjgl-llvm-3.2.3-natives-windows.jar;C:\Users\Julian\.m2\repository\org\lwjgl\lwjgl-lmdb\3.2.3\lwjgl-lmdb-3.2.3-natives-windows.jar;C:\Users\Julian\.m2\repository\org\lwjgl\lwjgl-lz4\3.2.3\lwjgl-lz4-3.2.3-natives-windows.jar;C:\Users\Julian\.m2\repository\org\lwjgl\lwjgl-meow\3.2.3\lwjgl-meow-3.2.3-natives-windows.jar;C:\Users\Julian\.m2\repository\org\lwjgl\lwjgl-nanovg\3.2.3\lwjgl-nanovg-3.2.3-natives-windows.jar;C:\Users\Julian\.m2\repository\org\lwjgl\lwjgl-nfd\3.2.3\lwjgl-nfd-3.2.3-natives-windows.jar;C:\Users\Julian\.m2\repository\org\lwjgl\lwjgl-nuklear\3.2.3\lwjgl-nuklear-3.2.3-natives-windows.jar;C:\Users\Julian\.m2\repository\org\lwjgl\lwjgl-openal\3.2.3\lwjgl-openal-3.2.3-natives-windows.jar;C:\Users\Julian\.m2\repository\org\lwjgl\lwjgl-opengl\3.2.3\lwjgl-opengl-3.2.3-natives-windows.jar;C:\Users\Julian\.m2\repository\org\lwjgl\lwjgl-opengles\3.2.3\lwjgl-opengles-3.2.3-natives-windows.jar;C:\Users\Julian\.m2\repository\org\lwjgl\lwjgl-openvr\3.2.3\lwjgl-openvr-3.2.3-natives-windows.jar;C:\Users\Julian\.m2\repository\org\lwjgl\lwjgl-opus\3.2.3\lwjgl-opus-3.2.3-natives-windows.jar;C:\Users\Julian\.m2\repository\org\lwjgl\lwjgl-ovr\3.2.3\lwjgl-ovr-3.2.3-natives-windows.jar;C:\Users\Julian\.m2\repository\org\lwjgl\lwjgl-par\3.2.3\lwjgl-par-3.2.3-natives-windows.jar;C:\Users\Julian\.m2\repository\org\lwjgl\lwjgl-remotery\3.2.3\lwjgl-remotery-3.2.3-natives-windows.jar;C:\Users\Julian\.m2\repository\org\lwjgl\lwjgl-rpmalloc\3.2.3\lwjgl-rpmalloc-3.2.3-natives-windows.jar;C:\Users\Julian\.m2\repository\org\lwjgl\lwjgl-shaderc\3.2.3\lwjgl-shaderc-3.2.3-natives-windows.jar;C:\Users\Julian\.m2\repository\org\lwjgl\lwjgl-sse\3.2.3\lwjgl-sse-3.2.3-natives-windows.jar;C:\Users\Julian\.m2\repository\org\lwjgl\lwjgl-stb\3.2.3\lwjgl-stb-3.2.3-natives-windows.jar;C:\Users\Julian\.m2\repository\org\lwjgl\lwjgl-tinyexr\3.2.3\lwjgl-tinyexr-3.2.3-natives-windows.jar;C:\Users\Julian\.m2\repository\org\lwjgl\lwjgl-tinyfd\3.2.3\lwjgl-tinyfd-3.2.3-natives-windows.jar;C:\Users\Julian\.m2\repository\org\lwjgl\lwjgl-tootle\3.2.3\lwjgl-tootle-3.2.3-natives-windows.jar;C:\Users\Julian\.m2\repository\org\lwjgl\lwjgl-vma\3.2.3\lwjgl-vma-3.2.3-natives-windows.jar;C:\Users\Julian\.m2\repository\org\lwjgl\lwjgl-xxhash\3.2.3\lwjgl-xxhash-3.2.3-natives-windows.jar;C:\Users\Julian\.m2\repository\org\lwjgl\lwjgl-yoga\3.2.3\lwjgl-yoga-3.2.3-natives-windows.jar;C:\Users\Julian\.m2\repository\org\lwjgl\lwjgl-zstd\3.2.3\lwjgl-zstd-3.2.3-natives-windows.jar;"/>
    <property name="java.vm.vendor" value="Oracle Corporation"/>
    <property name="sun.arch.data.model" value="64"/>
    <property name="user.variant" value=""/>
    <property name="java.vendor.url" value="https://java.oracle.com/"/>
    <property name="user.timezone" value="Africa/Johannesburg"/>
    <property name="os.name" value="Windows 10"/>
    <property name="java.vm.specification.version" value="15"/>
    <property name="sun.java.launcher" value="SUN_STANDARD"/>
    <property name="user.country" value="ZA"/>
    <property name="sun.boot.library.path" value="C:\Java\jdk-15.0.1\bin"/>
    <property name="sun.java.command" value="C:\Users\Julian\AppData\Local\Temp\surefire1966075662552302882\surefirebooter930367141381699729.jar C:\Users\Julian\AppData\Local\Temp\surefire1966075662552302882 2021-01-13T16-27-39_415-jvmRun1 surefire10840403402566653280tmp surefire_016638206786181078596tmp"/>
    <property name="jdk.debug" value="release"/>
    <property name="surefire.test.class.path" value="D:\ENGINE2\unnamed_project_java\project_files\target\test-classes;D:\ENGINE2\unnamed_project_java\project_files\target\classes;C:\Users\Julian\.m2\repository\junit\junit\4.11\junit-4.11.jar;C:\Users\Julian\.m2\repository\org\hamcrest\hamcrest-core\1.3\hamcrest-core-1.3.jar;C:\Users\Julian\.m2\repository\io\imgui\java\imgui-java-binding\1.79-1.4.0\imgui-java-binding-1.79-1.4.0.jar;C:\Users\Julian\.m2\repository\io\imgui\java\imgui-java-lwjgl3\1.79-1.4.0\imgui-java-lwjgl3-1.79-1.4.0.jar;C:\Users\Julian\.m2\repository\io\imgui\java\imgui-java-natives-windows\1.79-1.4.0\imgui-java-natives-windows-1.79-1.4.0.jar;C:\Users\Julian\.m2\repository\org\jogamp\gluegen\gluegen-rt-main\2.0-rc11\gluegen-rt-main-2.0-rc11.jar;C:\Users\Julian\.m2\repository\org\jogamp\gluegen\gluegen-rt\2.0-rc11\gluegen-rt-2.0-rc11.jar;C:\Users\Julian\.m2\repository\org\jogamp\gluegen\gluegen-rt\2.0-rc11\gluegen-rt-2.0-rc11-natives-android-armv6.jar;C:\Users\Julian\.m2\repository\org\jogamp\gluegen\gluegen-rt\2.0-rc11\gluegen-rt-2.0-rc11-natives-linux-amd64.jar;C:\Users\Julian\.m2\repository\org\jogamp\gluegen\gluegen-rt\2.0-rc11\gluegen-rt-2.0-rc11-natives-linux-armv6.jar;C:\Users\Julian\.m2\repository\org\jogamp\gluegen\gluegen-rt\2.0-rc11\gluegen-rt-2.0-rc11-natives-linux-armv6hf.jar;C:\Users\Julian\.m2\repository\org\jogamp\gluegen\gluegen-rt\2.0-rc11\gluegen-rt-2.0-rc11-natives-linux-i586.jar;C:\Users\Julian\.m2\repository\org\jogamp\gluegen\gluegen-rt\2.0-rc11\gluegen-rt-2.0-rc11-natives-macosx-universal.jar;C:\Users\Julian\.m2\repository\org\jogamp\gluegen\gluegen-rt\2.0-rc11\gluegen-rt-2.0-rc11-natives-solaris-amd64.jar;C:\Users\Julian\.m2\repository\org\jogamp\gluegen\gluegen-rt\2.0-rc11\gluegen-rt-2.0-rc11-natives-solaris-i586.jar;C:\Users\Julian\.m2\repository\org\jogamp\gluegen\gluegen-rt\2.0-rc11\gluegen-rt-2.0-rc11-natives-windows-amd64.jar;C:\Users\Julian\.m2\repository\org\jogamp\gluegen\gluegen-rt\2.0-rc11\gluegen-rt-2.0-rc11-natives-windows-i586.jar;C:\Users\Julian\.m2\repository\org\jogamp\jogl\jogl-all-main\2.0-rc11\jogl-all-main-2.0-rc11.jar;C:\Users\Julian\.m2\repository\org\jogamp\jogl\jogl-all\2.0-rc11\jogl-all-2.0-rc11.jar;C:\Users\Julian\.m2\repository\org\jogamp\jogl\jogl-all\2.0-rc11\jogl-all-2.0-rc11-natives-android-armv6.jar;C:\Users\Julian\.m2\repository\org\jogamp\jogl\jogl-all\2.0-rc11\jogl-all-2.0-rc11-natives-linux-amd64.jar;C:\Users\Julian\.m2\repository\org\jogamp\jogl\jogl-all\2.0-rc11\jogl-all-2.0-rc11-natives-linux-armv6.jar;C:\Users\Julian\.m2\repository\org\jogamp\jogl\jogl-all\2.0-rc11\jogl-all-2.0-rc11-natives-linux-armv6hf.jar;C:\Users\Julian\.m2\repository\org\jogamp\jogl\jogl-all\2.0-rc11\jogl-all-2.0-rc11-natives-linux-i586.jar;C:\Users\Julian\.m2\repository\org\jogamp\jogl\jogl-all\2.0-rc11\jogl-all-2.0-rc11-natives-macosx-universal.jar;C:\Users\Julian\.m2\repository\org\jogamp\jogl\jogl-all\2.0-rc11\jogl-all-2.0-rc11-natives-solaris-amd64.jar;C:\Users\Julian\.m2\repository\org\jogamp\jogl\jogl-all\2.0-rc11\jogl-all-2.0-rc11-natives-solaris-i586.jar;C:\Users\Julian\.m2\repository\org\jogamp\jogl\jogl-all\2.0-rc11\jogl-all-2.0-rc11-natives-windows-amd64.jar;C:\Users\Julian\.m2\repository\org\jogamp\jogl\jogl-all\2.0-rc11\jogl-all-2.0-rc11-natives-windows-i586.jar;C:\Users\Julian\.m2\repository\org\lwjgl\lwjgl\3.2.3\lwjgl-3.2.3.jar;C:\Users\Julian\.m2\repository\org\lwjgl\lwjgl-assimp\3.2.3\lwjgl-assimp-3.2.3.jar;C:\Users\Julian\.m2\repository\org\lwjgl\lwjgl-bgfx\3.2.3\lwjgl-bgfx-3.2.3.jar;C:\Users\Julian\.m2\repository\org\lwjgl\lwjgl-cuda\3.2.3\lwjgl-cuda-3.2.3.jar;C:\Users\Julian\.m2\repository\org\lwjgl\lwjgl-egl\3.2.3\lwjgl-egl-3.2.3.jar;C:\Users\Julian\.m2\repository\org\lwjgl\lwjgl-glfw\3.2.3\lwjgl-glfw-3.2.3.jar;C:\Users\Julian\.m2\repository\org\lwjgl\lwjgl-jawt\3.2.3\lwjgl-jawt-3.2.3.jar;C:\Users\Julian\.m2\repository\org\lwjgl\lwjgl-jemalloc\3.2.3\lwjgl-jemalloc-3.2.3.jar;C:\Users\Julian\.m2\repository\org\lwjgl\lwjgl-libdivide\3.2.3\lwjgl-libdivide-3.2.3.jar;C:\Users\Julian\.m2\repository\org\lwjgl\lwjgl-llvm\3.2.3\lwjgl-llvm-3.2.3.jar;C:\Users\Julian\.m2\repository\org\lwjgl\lwjgl-lmdb\3.2.3\lwjgl-lmdb-3.2.3.jar;C:\Users\Julian\.m2\repository\org\lwjgl\lwjgl-lz4\3.2.3\lwjgl-lz4-3.2.3.jar;C:\Users\Julian\.m2\repository\org\lwjgl\lwjgl-meow\3.2.3\lwjgl-meow-3.2.3.jar;C:\Users\Julian\.m2\repository\org\lwjgl\lwjgl-nanovg\3.2.3\lwjgl-nanovg-3.2.3.jar;C:\Users\Julian\.m2\repository\org\lwjgl\lwjgl-nfd\3.2.3\lwjgl-nfd-3.2.3.jar;C:\Users\Julian\.m2\repository\org\lwjgl\lwjgl-nuklear\3.2.3\lwjgl-nuklear-3.2.3.jar;C:\Users\Julian\.m2\repository\org\lwjgl\lwjgl-odbc\3.2.3\lwjgl-odbc-3.2.3.jar;C:\Users\Julian\.m2\repository\org\lwjgl\lwjgl-openal\3.2.3\lwjgl-openal-3.2.3.jar;C:\Users\Julian\.m2\repository\org\lwjgl\lwjgl-opencl\3.2.3\lwjgl-opencl-3.2.3.jar;C:\Users\Julian\.m2\repository\org\lwjgl\lwjgl-opengl\3.2.3\lwjgl-opengl-3.2.3.jar;C:\Users\Julian\.m2\repository\org\lwjgl\lwjgl-opengles\3.2.3\lwjgl-opengles-3.2.3.jar;C:\Users\Julian\.m2\repository\org\lwjgl\lwjgl-openvr\3.2.3\lwjgl-openvr-3.2.3.jar;C:\Users\Julian\.m2\repository\org\lwjgl\lwjgl-opus\3.2.3\lwjgl-opus-3.2.3.jar;C:\Users\Julian\.m2\repository\org\lwjgl\lwjgl-ovr\3.2.3\lwjgl-ovr-3.2.3.jar;C:\Users\Julian\.m2\repository\org\lwjgl\lwjgl-par\3.2.3\lwjgl-par-3.2.3.jar;C:\Users\Julian\.m2\repository\org\lwjgl\lwjgl-remotery\3.2.3\lwjgl-remotery-3.2.3.jar;C:\Users\Julian\.m2\repository\org\lwjgl\lwjgl-rpmalloc\3.2.3\lwjgl-rpmalloc-3.2.3.jar;C:\Users\Julian\.m2\repository\org\lwjgl\lwjgl-shaderc\3.2.3\lwjgl-shaderc-3.2.3.jar;C:\Users\Julian\.m2\repository\org\lwjgl\lwjgl-sse\3.2.3\lwjgl-sse-3.2.3.jar;C:\Users\Julian\.m2\repository\org\lwjgl\lwjgl-stb\3.2.3\lwjgl-stb-3.2.3.jar;C:\Users\Julian\.m2\repository\org\lwjgl\lwjgl-tinyexr\3.2.3\lwjgl-tinyexr-3.2.3.jar;C:\Users\Julian\.m2\repository\org\lwjgl\lwjgl-tinyfd\3.2.3\lwjgl-tinyfd-3.2.3.jar;C:\Users\Julian\.m2\repository\org\lwjgl\lwjgl-tootle\3.2.3\lwjgl-tootle-3.2.3.jar;C:\Users\Julian\.m2\repository\org\lwjgl\lwjgl-vma\3.2.3\lwjgl-vma-3.2.3.jar;C:\Users\Julian\.m2\repository\org\lwjgl\lwjgl-vulkan\3.2.3\lwjgl-vulkan-3.2.3.jar;C:\Users\Julian\.m2\repository\org\lwjgl\lwjgl-xxhash\3.2.3\lwjgl-xxhash-3.2.3.jar;C:\Users\Julian\.m2\repository\org\lwjgl\lwjgl-yoga\3.2.3\lwjgl-yoga-3.2.3.jar;C:\Users\Julian\.m2\repository\org\lwjgl\lwjgl-zstd\3.2.3\lwjgl-zstd-3.2.3.jar;C:\Users\Julian\.m2\repository\org\lwjgl\lwjgl\3.2.3\lwjgl-3.2.3-natives-windows.jar;C:\Users\Julian\.m2\repository\org\lwjgl\lwjgl-assimp\3.2.3\lwjgl-assimp-3.2.3-natives-windows.jar;C:\Users\Julian\.m2\repository\org\lwjgl\lwjgl-bgfx\3.2.3\lwjgl-bgfx-3.2.3-natives-windows.jar;C:\Users\Julian\.m2\repository\org\lwjgl\lwjgl-glfw\3.2.3\lwjgl-glfw-3.2.3-natives-windows.jar;C:\Users\Julian\.m2\repository\org\lwjgl\lwjgl-jemalloc\3.2.3\lwjgl-jemalloc-3.2.3-natives-windows.jar;C:\Users\Julian\.m2\repository\org\lwjgl\lwjgl-libdivide\3.2.3\lwjgl-libdivide-3.2.3-natives-windows.jar;C:\Users\Julian\.m2\repository\org\lwjgl\lwjgl-llvm\3.2.3\lwjgl-llvm-3.2.3-natives-windows.jar;C:\Users\Julian\.m2\repository\org\lwjgl\lwjgl-lmdb\3.2.3\lwjgl-lmdb-3.2.3-natives-windows.jar;C:\Users\Julian\.m2\repository\org\lwjgl\lwjgl-lz4\3.2.3\lwjgl-lz4-3.2.3-natives-windows.jar;C:\Users\Julian\.m2\repository\org\lwjgl\lwjgl-meow\3.2.3\lwjgl-meow-3.2.3-natives-windows.jar;C:\Users\Julian\.m2\repository\org\lwjgl\lwjgl-nanovg\3.2.3\lwjgl-nanovg-3.2.3-natives-windows.jar;C:\Users\Julian\.m2\repository\org\lwjgl\lwjgl-nfd\3.2.3\lwjgl-nfd-3.2.3-natives-windows.jar;C:\Users\Julian\.m2\repository\org\lwjgl\lwjgl-nuklear\3.2.3\lwjgl-nuklear-3.2.3-natives-windows.jar;C:\Users\Julian\.m2\repository\org\lwjgl\lwjgl-openal\3.2.3\lwjgl-openal-3.2.3-natives-windows.jar;C:\Users\Julian\.m2\repository\org\lwjgl\lwjgl-opengl\3.2.3\lwjgl-opengl-3.2.3-natives-windows.jar;C:\Users\Julian\.m2\repository\org\lwjgl\lwjgl-opengles\3.2.3\lwjgl-opengles-3.2.3-natives-windows.jar;C:\Users\Julian\.m2\repository\org\lwjgl\lwjgl-openvr\3.2.3\lwjgl-openvr-3.2.3-natives-windows.jar;C:\Users\Julian\.m2\repository\org\lwjgl\lwjgl-opus\3.2.3\lwjgl-opus-3.2.3-natives-windows.jar;C:\Users\Julian\.m2\repository\org\lwjgl\lwjgl-ovr\3.2.3\lwjgl-ovr-3.2.3-natives-windows.jar;C:\Users\Julian\.m2\repository\org\lwjgl\lwjgl-par\3.2.3\lwjgl-par-3.2.3-natives-windows.jar;C:\Users\Julian\.m2\repository\org\lwjgl\lwjgl-remotery\3.2.3\lwjgl-remotery-3.2.3-natives-windows.jar;C:\Users\Julian\.m2\repository\org\lwjgl\lwjgl-rpmalloc\3.2.3\lwjgl-rpmalloc-3.2.3-natives-windows.jar;C:\Users\Julian\.m2\repository\org\lwjgl\lwjgl-shaderc\3.2.3\lwjgl-shaderc-3.2.3-natives-windows.jar;C:\Users\Julian\.m2\repository\org\lwjgl\lwjgl-sse\3.2.3\lwjgl-sse-3.2.3-natives-windows.jar;C:\Users\Julian\.m2\repository\org\lwjgl\lwjgl-stb\3.2.3\lwjgl-stb-3.2.3-natives-windows.jar;C:\Users\Julian\.m2\repository\org\lwjgl\lwjgl-tinyexr\3.2.3\lwjgl-tinyexr-3.2.3-natives-windows.jar;C:\Users\Julian\.m2\repository\org\lwjgl\lwjgl-tinyfd\3.2.3\lwjgl-tinyfd-3.2.3-natives-windows.jar;C:\Users\Julian\.m2\repository\org\lwjgl\lwjgl-tootle\3.2.3\lwjgl-tootle-3.2.3-natives-windows.jar;C:\Users\Julian\.m2\repository\org\lwjgl\lwjgl-vma\3.2.3\lwjgl-vma-3.2.3-natives-windows.jar;C:\Users\Julian\.m2\repository\org\lwjgl\lwjgl-xxhash\3.2.3\lwjgl-xxhash-3.2.3-natives-windows.jar;C:\Users\Julian\.m2\repository\org\lwjgl\lwjgl-yoga\3.2.3\lwjgl-yoga-3.2.3-natives-windows.jar;C:\Users\Julian\.m2\repository\org\lwjgl\lwjgl-zstd\3.2.3\lwjgl-zstd-3.2.3-natives-windows.jar;"/>
    <property name="sun.cpu.endian" value="little"/>
    <property name="user.home" value="C:\Users\Julian"/>
    <property name="user.language" value="en"/>
    <property name="java.specification.vendor" value="Oracle Corporation"/>
    <property name="java.version.date" value="2020-10-20"/>
    <property name="java.home" value="C:\Java\jdk-15.0.1"/>
    <property name="file.separator" value="\"/>
    <property name="basedir" value="D:\ENGINE2\unnamed_project_java\project_files"/>
    <property name="java.vm.compressedOopsMode" value="Zero based"/>
    <property name="line.separator" value="&#10;"/>
    <property name="java.vm.specification.vendor" value="Oracle Corporation"/>
    <property name="java.specification.name" value="Java Platform API Specification"/>
    <property name="surefire.real.class.path" value="C:\Users\Julian\AppData\Local\Temp\surefire1966075662552302882\surefirebooter930367141381699729.jar"/>
    <property name="user.script" value=""/>
    <property name="sun.management.compiler" value="HotSpot 64-Bit Tiered Compilers"/>
    <property name="java.runtime.version" value="15.0.1+9-18"/>
    <property name="user.name" value="Julian"/>
    <property name="path.separator" value=";"/>
    <property name="os.version" value="10.0"/>
    <property name="java.runtime.name" value="OpenJDK Runtime Environment"/>
    <property name="file.encoding" value="Cp1252"/>
    <property name="java.vm.name" value="OpenJDK 64-Bit Server VM"/>
    <property name="localRepository" value="C:\Users\Julian\.m2\repository"/>
    <property name="java.vendor.url.bug" value="https://bugreport.java.com/bugreport/"/>
    <property name="java.io.tmpdir" value="C:\Users\Julian\AppData\Local\Temp\"/>
    <property name="java.version" value="15.0.1"/>
    <property name="user.dir" value="D:\ENGINE2\unnamed_project_java\project_files"/>
    <property name="os.arch" value="amd64"/>
    <property name="java.vm.specification.name" value="Java Virtual Machine Specification"/>
    <property name="sun.os.patch.level" value=""/>
    <property name="java.library.path" value="C:\Java\jdk-15.0.1\bin;C:\WINDOWS\Sun\Java\bin;C:\WINDOWS\system32;C:\WINDOWS;C:\Maven\apache-maven-3.6.3\bin;C:\WINDOWS;C:\WINDOWS\System32\Wbem;C:\WINDOWS\System32\WindowsPowerShell\v1.0\;C:\WINDOWS\System32\OpenSSH\;C:\Program Files (x86)\NVIDIA Corporation\PhysX\Common;C:\Program Files\NVIDIA Corporation\NVIDIA NvDLISR;C:\Program Files\Docker\Docker\resources\bin;C:\ProgramData\DockerDesktop\version-bin;C:\Program Files\dotnet\;C:\Java\jdk-15.0.1\bin;C:\Program Files\Git\cmd;C:\Users\Julian\AppData\Local\Microsoft\WindowsApps;;C:\Users\Julian\AppData\Local\Programs\Microsoft VS Code\bin;C:\Users\Julian\.dotnet\tools;."/>
    <property name="java.vm.info" value="mixed mode, sharing"/>
    <property name="java.vendor" value="Oracle Corporation"/>
    <property name="java.vm.version" value="15.0.1+9-18"/>
    <property name="sun.io.unicode.encoding" value="UnicodeLittle"/>
    <property name="java.class.version" value="59.0"/>
  </properties>
  <testcase name="shouldAnswerWithTrue" classname="za.co.wethinkcode.unnamed_project.AppTest" time="0.001"/>
</testsuite>